Restore Archived Project report for DE2_Audio_Example
Wed Oct 22 14:29:27 2014
Quartus II 64-Bit Version 9.1 Build 350 03/24/2010 Service Pack 2 SJ Full Version


---------------------
; Table of Contents ;
---------------------
  1. Legal Notice
  2. Restore Archived Project Summary
  3. Restore Archived Project Messages
  4. Files Restored
  5. Files Not Restored



----------------
; Legal Notice ;
----------------
Copyright (C) 1991-2010 Altera Corporation
Your use of Altera Corporation's design tools, logic functions 
and other software and tools, and its AMPP partner logic 
functions, and any output files from any of the foregoing 
(including device programming or simulation files), and any 
associated documentation or information are expressly subject 
to the terms and conditions of the Altera Program License 
Subscription Agreement, Altera MegaCore Function License 
Agreement, or other applicable license agreement, including, 
without limitation, that your use is for the sole purpose of 
programming logic devices manufactured by Altera and sold by 
Altera or its authorized distributors.  Please refer to the 
applicable agreement for further details.



+-------------------------------------------------------------------------+
; Restore Archived Project Summary                                        ;
+---------------------------------+---------------------------------------+
; Restore Archived Project Status ; Successful - Wed Oct 22 14:29:27 2014 ;
; Revision Name                   ; DE2_Audio_Example                     ;
; Top-level Entity Name           ; toplevel                              ;
; Family                          ; Cyclone II                            ;
+---------------------------------+---------------------------------------+


+-----------------------------------+
; Restore Archived Project Messages ;
+-----------------------------------+
Info: Successfully restored 'C:/altera/Audio_Demo(1)/DE2_Audio_Example_tmp_archive.qar' into the 'F:/lab2' directory
Info: Generated report 'DE2_Audio_Example.restore.rpt'


+----------------------------------------------------+
; Files Restored                                     ;
+----------------------------------------------------+
; File Name                                          ;
+----------------------------------------------------+
; Audio_Controller/Altera_UP_Audio_Bit_Counter.v     ;
; Audio_Controller/Altera_UP_Audio_In_Deserializer.v ;
; Audio_Controller/Altera_UP_Audio_Out_Serializer.v  ;
; Audio_Controller/Altera_UP_Clock_Edge.v            ;
; Audio_Controller/Altera_UP_SYNC_FIFO.v             ;
; Audio_Controller/Audio_Clock.v                     ;
; Audio_Controller/Audio_Controller.v                ;
; DE2_Audio_Example.qpf                              ;
; DE2_Audio_Example.qsf                              ;
; DE2_Audio_Example.v                                ;
; DE2_Audio_Example_assignment_defaults.qdf          ;
; LEDdriver.v                                        ;
; avconf/I2C_Controller.v                            ;
; avconf/avconf.v                                    ;
; filter_demo.bdf                                    ;
; modules/add32.v                                    ;
; modules/const32.v                                  ;
; modules/mult_32.v                                  ;
; modules/mux1_32.v                                  ;
; modules/reg32.v                                    ;
; modules/sll2_32.v                                  ;
; modules/srl2_32.v                                  ;
; toplevel.bdf                                       ;
+----------------------------------------------------+


+--------------------+
; Files Not Restored ;
+--------------------+
; File Name          ;
+--------------------+


